2020-11-27T17:36:47+00:00 NOTICE action_scheduler.queue_job :: MailChimp_WooCommerce_User_Submit queued :: obj_id 4
2020-11-27T17:37:10+00:00 NOTICE member.sync :: Subscribed Member coloroj569@tdcryo.com :: Array
(
    [status_if_new] => 1
    [merge_fields] => Array
        (
        )

)

2020-11-27T17:46:02+00:00 NOTICE action_scheduler.queue_job :: MailChimp_WooCommerce_User_Submit queued :: obj_id 4
2020-11-27T17:46:25+00:00 NOTICE member.sync :: Updated Member coloroj569@tdcryo.com ( merge fields only ) :: Array
(
    [merge_fields] => Array
        (
            [FNAME] => Danijel
            [LNAME] => Radanovic
        )

)

2020-11-27T18:24:02+00:00 NOTICE action_scheduler.queue_job :: MailChimp_WooCommerce_Single_Product starts in 5 seconds :: obj_id 35
2020-11-27T18:24:15+00:00 NOTICE product_submit.success :: updateStoreProduct :: #35
2020-11-27T19:51:51+00:00 NOTICE sync_store :: posting data :: Array
(
    [store_post] => Array
        (
            [id] => 5faae7147244e
            [is_syncing] => 
            [platform] => woocommerce
            [list_id] => 577d3b626f
            [name] => SD Express
            [domain] => https://www.sdexpress.me
            [email_address] => admin@sdexpress.me
            [currency_code] => EUR
            [money_format] => €
            [primary_locale] => bs_BA
            [timezone] => +00:00
            [phone] => +38268383940
            [address] => Array
                (
                    [address1] => Prve Proleterske brigade 72
                    [city] => Podgorica
                    [province] => Montenegro
                    [postal_code] => 81000
                    [country] => ME
                    [country_code] => ME
                    [phone] => +38268383940
                    [company] => SD Express
                )

        )

)

2020-11-27T19:51:52+00:00 NOTICE mailchimp-woocommerce-sync.started :: Starting Sync :: Fri, Nov 27, 2020 7:51 PM
2020-11-27T19:51:53+00:00 NOTICE action_scheduler.queue_job :: MailChimp_WooCommerce_Process_Coupons queued :: page 1
2020-11-27T19:52:55+00:00 NOTICE coupon_sync.completed :: Done with the coupon queueing.
2020-11-27T19:52:55+00:00 NOTICE sync.full_sync_manager.queue :: Starting PRODUCTS queueing.
2020-11-27T19:52:55+00:00 NOTICE action_scheduler.queue_job :: MailChimp_WooCommerce_Process_Products queued :: page 1
2020-11-27T19:52:55+00:00 NOTICE action_scheduler.queue_job :: MailChimp_WooCommerce_Process_Products queued :: page 2
2020-11-27T19:52:55+00:00 NOTICE action_scheduler.queue_job :: MailChimp_WooCommerce_Single_Product queued :: obj_id 35
2020-11-27T19:52:57+00:00 NOTICE product_sync.completed :: Done with the product queuing
2020-11-27T19:52:57+00:00 NOTICE product_submit.success :: updateStoreProduct :: #35
2020-11-27T19:53:21+00:00 NOTICE action_scheduler.queue_job :: MailChimp_WooCommerce_Process_Orders queued :: page 1
2020-11-27T19:53:23+00:00 NOTICE order_sync.completed :: Done with the order queueing.
2020-11-27T19:53:55+00:00 NOTICE sync.completed :: Finished Sync :: Fri, Nov 27, 2020 7:53 PM (total time: 00:02:03)
2020-11-27T21:28:23+00:00 NOTICE action_scheduler.queue_job :: MailChimp_WooCommerce_Cart_Update queued :: obj_id d03daffcec30ea6e5a5b9f639aa79098
2020-11-27T21:28:43+00:00 NOTICE ac.cart_swap :: Deleted cart [tapiban213@testbnk.com] :: ID [87d2d903758dbc9e78af3f32e049f9db]
2020-11-27T22:09:27+00:00 NOTICE abandoned_cart.success :: email: coloroj569@tdcryo.com :: checkout_url: https://www.sdexpress.me/checkout/?mc_cart_id=d03daffcec30ea6e5a5b9f639aa79098
2020-11-27T22:09:27+00:00 NOTICE cart.member.updated :: Updated coloroj569@tdcryo.com subscriber status to subscribed and language to bs
