2020-12-23T12:10:32+00:00 NOTICE action_scheduler.queue_job :: MailChimp_WooCommerce_Cart_Update queued :: obj_id f065cbf01818ad3a714ecba2c6aa7a5f
2020-12-23T12:10:34+00:00 NOTICE abandoned_cart.success :: email: bole.laban@yahoo.com :: checkout_url: https://www.sdexpress.me/checkout/?mc_cart_id=f065cbf01818ad3a714ecba2c6aa7a5f
2020-12-23T12:10:34+00:00 NOTICE cart.member.updated :: Updated bole.laban@yahoo.com subscriber status to subscribed and language to bs
2020-12-23T12:10:36+00:00 NOTICE ac.cart_swap :: Deleted cart [bole.laban@yahoo.com] :: ID [f065cbf01818ad3a714ecba2c6aa7a5f]
2020-12-23T12:10:37+00:00 NOTICE action_scheduler.queue_job :: MailChimp_WooCommerce_Cart_Update queued :: obj_id bfd53007cae17f70ef537ad700e0681e
2020-12-23T12:10:40+00:00 NOTICE abandoned_cart.success :: email: admin@sdexpress.me :: checkout_url: https://www.sdexpress.me/checkout/?mc_cart_id=bfd53007cae17f70ef537ad700e0681e
2020-12-23T12:10:40+00:00 NOTICE cart.member.updated :: Updated admin@sdexpress.me subscriber status to transactional and language to bs
2020-12-23T16:33:48+00:00 NOTICE action_scheduler.queue_job :: MailChimp_WooCommerce_Single_Product starts in 5 seconds :: obj_id 1931
2020-12-23T16:34:09+00:00 NOTICE product_submit.success :: addStoreProduct :: #1931
2020-12-23T16:36:00+00:00 NOTICE action_scheduler.queue_job :: MailChimp_WooCommerce_Single_Product starts in 5 seconds :: obj_id 1933
2020-12-23T16:36:10+00:00 NOTICE product_submit.success :: addStoreProduct :: #1933
2020-12-23T16:38:04+00:00 NOTICE action_scheduler.queue_job :: MailChimp_WooCommerce_Single_Product starts in 5 seconds :: obj_id 1935
2020-12-23T16:38:09+00:00 NOTICE product_submit.success :: addStoreProduct :: #1935
2020-12-23T16:38:36+00:00 NOTICE action_scheduler.queue_job :: MailChimp_WooCommerce_Single_Product starts in 5 seconds :: obj_id 1935
2020-12-23T16:39:08+00:00 NOTICE product_submit.success :: updateStoreProduct :: #1935
2020-12-23T16:39:08+00:00 NOTICE action_scheduler.queue_job :: MailChimp_WooCommerce_Single_Product starts in 5 seconds :: obj_id 1935
2020-12-23T16:39:14+00:00 NOTICE product_submit.success :: updateStoreProduct :: #1935
2020-12-23T16:41:28+00:00 NOTICE action_scheduler.queue_job :: MailChimp_WooCommerce_Single_Product starts in 5 seconds :: obj_id 1938
2020-12-23T16:42:08+00:00 NOTICE product_submit.success :: addStoreProduct :: #1938
2020-12-23T16:43:49+00:00 NOTICE action_scheduler.queue_job :: MailChimp_WooCommerce_Single_Product starts in 5 seconds :: obj_id 1940
2020-12-23T16:44:10+00:00 NOTICE product_submit.success :: addStoreProduct :: #1940
2020-12-23T20:55:16+00:00 NOTICE action_scheduler.queue_job :: MailChimp_WooCommerce_Single_Product starts in 5 seconds :: obj_id 1943
2020-12-23T20:55:53+00:00 NOTICE product_submit.success :: addStoreProduct :: #1943
2020-12-23T20:57:46+00:00 NOTICE action_scheduler.queue_job :: MailChimp_WooCommerce_Single_Product starts in 5 seconds :: obj_id 1945
2020-12-23T20:58:03+00:00 NOTICE product_submit.success :: addStoreProduct :: #1945
2020-12-23T21:00:09+00:00 NOTICE action_scheduler.queue_job :: MailChimp_WooCommerce_Single_Product starts in 5 seconds :: obj_id 1947
2020-12-23T21:01:48+00:00 NOTICE product_submit.success :: addStoreProduct :: #1947
2020-12-23T21:03:02+00:00 NOTICE action_scheduler.queue_job :: MailChimp_WooCommerce_Single_Product starts in 5 seconds :: obj_id 1949
2020-12-23T21:03:10+00:00 NOTICE product_submit.success :: addStoreProduct :: #1949
2020-12-23T21:05:37+00:00 NOTICE action_scheduler.queue_job :: MailChimp_WooCommerce_Single_Product starts in 5 seconds :: obj_id 1952
2020-12-23T21:06:25+00:00 NOTICE product_submit.success :: addStoreProduct :: #1952
2020-12-23T21:08:00+00:00 NOTICE action_scheduler.queue_job :: MailChimp_WooCommerce_Single_Product starts in 5 seconds :: obj_id 1954
2020-12-23T21:08:08+00:00 NOTICE product_submit.success :: addStoreProduct :: #1954
2020-12-23T21:09:45+00:00 NOTICE action_scheduler.queue_job :: MailChimp_WooCommerce_Single_Product starts in 5 seconds :: obj_id 1956
2020-12-23T21:10:08+00:00 NOTICE product_submit.success :: addStoreProduct :: #1956
2020-12-23T21:11:50+00:00 NOTICE action_scheduler.queue_job :: MailChimp_WooCommerce_Single_Product starts in 5 seconds :: obj_id 1958
2020-12-23T21:12:13+00:00 NOTICE product_submit.success :: addStoreProduct :: #1958
2020-12-23T21:13:49+00:00 NOTICE action_scheduler.queue_job :: MailChimp_WooCommerce_Single_Product starts in 5 seconds :: obj_id 1961
2020-12-23T21:13:56+00:00 NOTICE product_submit.success :: addStoreProduct :: #1961
2020-12-23T21:15:34+00:00 NOTICE action_scheduler.queue_job :: MailChimp_WooCommerce_Single_Product starts in 5 seconds :: obj_id 1963
2020-12-23T21:16:10+00:00 NOTICE product_submit.success :: addStoreProduct :: #1963
2020-12-23T21:17:25+00:00 NOTICE action_scheduler.queue_job :: MailChimp_WooCommerce_Single_Product starts in 5 seconds :: obj_id 1965
2020-12-23T21:18:13+00:00 NOTICE product_submit.success :: addStoreProduct :: #1965
2020-12-23T21:19:11+00:00 NOTICE action_scheduler.queue_job :: MailChimp_WooCommerce_Single_Product starts in 5 seconds :: obj_id 1968
2020-12-23T21:19:28+00:00 NOTICE product_submit.success :: addStoreProduct :: #1968
2020-12-23T21:21:15+00:00 NOTICE action_scheduler.queue_job :: MailChimp_WooCommerce_Single_Product starts in 5 seconds :: obj_id 1970
2020-12-23T21:21:42+00:00 NOTICE product_submit.success :: addStoreProduct :: #1970
2020-12-23T21:22:59+00:00 NOTICE action_scheduler.queue_job :: MailChimp_WooCommerce_Single_Product starts in 5 seconds :: obj_id 1973
2020-12-23T21:23:08+00:00 NOTICE product_submit.success :: addStoreProduct :: #1973
2020-12-23T21:24:47+00:00 NOTICE action_scheduler.queue_job :: MailChimp_WooCommerce_Single_Product starts in 5 seconds :: obj_id 1975
2020-12-23T21:24:53+00:00 NOTICE product_submit.success :: addStoreProduct :: #1975
2020-12-23T21:27:49+00:00 NOTICE action_scheduler.queue_job :: MailChimp_WooCommerce_Single_Product starts in 5 seconds :: obj_id 1977
2020-12-23T21:28:10+00:00 NOTICE product_submit.success :: addStoreProduct :: #1977
2020-12-23T21:29:53+00:00 NOTICE action_scheduler.queue_job :: MailChimp_WooCommerce_Single_Product starts in 5 seconds :: obj_id 1979
2020-12-23T21:30:14+00:00 NOTICE product_submit.success :: addStoreProduct :: #1979
2020-12-23T21:31:50+00:00 NOTICE action_scheduler.queue_job :: MailChimp_WooCommerce_Single_Product starts in 5 seconds :: obj_id 1981
2020-12-23T21:32:14+00:00 NOTICE product_submit.success :: addStoreProduct :: #1981
2020-12-23T21:34:11+00:00 NOTICE action_scheduler.queue_job :: MailChimp_WooCommerce_Single_Product starts in 5 seconds :: obj_id 1984
2020-12-23T21:34:54+00:00 NOTICE product_submit.success :: addStoreProduct :: #1984
2020-12-23T21:36:05+00:00 NOTICE action_scheduler.queue_job :: MailChimp_WooCommerce_Single_Product starts in 5 seconds :: obj_id 1986
2020-12-23T21:36:57+00:00 NOTICE product_submit.success :: addStoreProduct :: #1986
2020-12-23T21:38:28+00:00 NOTICE action_scheduler.queue_job :: MailChimp_WooCommerce_Single_Product starts in 5 seconds :: obj_id 1988
2020-12-23T21:39:20+00:00 NOTICE product_submit.success :: addStoreProduct :: #1988
2020-12-23T21:40:56+00:00 NOTICE action_scheduler.queue_job :: MailChimp_WooCommerce_Single_Product starts in 5 seconds :: obj_id 1991
2020-12-23T21:41:08+00:00 NOTICE product_submit.success :: addStoreProduct :: #1991
2020-12-23T21:43:23+00:00 NOTICE action_scheduler.queue_job :: MailChimp_WooCommerce_Single_Product starts in 5 seconds :: obj_id 1994
2020-12-23T21:44:02+00:00 NOTICE product_submit.success :: addStoreProduct :: #1994
2020-12-23T21:45:27+00:00 NOTICE action_scheduler.queue_job :: MailChimp_WooCommerce_Single_Product starts in 5 seconds :: obj_id 1997
2020-12-23T21:46:09+00:00 NOTICE product_submit.success :: addStoreProduct :: #1997
2020-12-23T21:47:28+00:00 NOTICE action_scheduler.queue_job :: MailChimp_WooCommerce_Single_Product starts in 5 seconds :: obj_id 1999
2020-12-23T21:48:08+00:00 NOTICE product_submit.success :: addStoreProduct :: #1999
2020-12-23T21:49:29+00:00 NOTICE action_scheduler.queue_job :: MailChimp_WooCommerce_Single_Product starts in 5 seconds :: obj_id 2001
2020-12-23T21:51:51+00:00 NOTICE product_submit.success :: addStoreProduct :: #2001
2020-12-23T21:59:48+00:00 NOTICE action_scheduler.queue_job :: MailChimp_WooCommerce_Single_Product starts in 5 seconds :: obj_id 2003
2020-12-23T22:00:02+00:00 NOTICE product_submit.success :: addStoreProduct :: #2003
2020-12-23T22:01:45+00:00 NOTICE action_scheduler.queue_job :: MailChimp_WooCommerce_Single_Product starts in 5 seconds :: obj_id 2005
2020-12-23T22:02:11+00:00 NOTICE product_submit.success :: addStoreProduct :: #2005
2020-12-23T22:03:30+00:00 NOTICE action_scheduler.queue_job :: MailChimp_WooCommerce_Single_Product starts in 5 seconds :: obj_id 2007
2020-12-23T22:04:14+00:00 NOTICE product_submit.success :: addStoreProduct :: #2007
2020-12-23T22:05:11+00:00 NOTICE action_scheduler.queue_job :: MailChimp_WooCommerce_Single_Product starts in 5 seconds :: obj_id 2009
2020-12-23T22:05:22+00:00 NOTICE product_submit.success :: addStoreProduct :: #2009
2020-12-23T22:10:10+00:00 NOTICE action_scheduler.queue_job :: MailChimp_WooCommerce_Single_Product starts in 5 seconds :: obj_id 2011
2020-12-23T22:11:06+00:00 NOTICE product_submit.success :: addStoreProduct :: #2011
2020-12-23T22:11:55+00:00 NOTICE action_scheduler.queue_job :: MailChimp_WooCommerce_Single_Product starts in 5 seconds :: obj_id 2013
2020-12-23T22:12:15+00:00 NOTICE product_submit.success :: addStoreProduct :: #2013
2020-12-23T22:14:30+00:00 NOTICE action_scheduler.queue_job :: MailChimp_WooCommerce_Single_Product starts in 5 seconds :: obj_id 2015
2020-12-23T22:15:10+00:00 NOTICE product_submit.success :: addStoreProduct :: #2015
2020-12-23T22:16:42+00:00 NOTICE action_scheduler.queue_job :: MailChimp_WooCommerce_Single_Product starts in 5 seconds :: obj_id 2017
2020-12-23T22:17:08+00:00 NOTICE product_submit.success :: addStoreProduct :: #2017
2020-12-23T22:18:53+00:00 NOTICE action_scheduler.queue_job :: MailChimp_WooCommerce_Single_Product starts in 5 seconds :: obj_id 2019
2020-12-23T22:19:14+00:00 NOTICE product_submit.success :: addStoreProduct :: #2019
2020-12-23T22:21:42+00:00 NOTICE action_scheduler.queue_job :: MailChimp_WooCommerce_Single_Product starts in 5 seconds :: obj_id 2021
2020-12-23T22:22:04+00:00 NOTICE product_submit.success :: addStoreProduct :: #2021
2020-12-23T22:24:43+00:00 NOTICE action_scheduler.queue_job :: MailChimp_WooCommerce_Single_Product starts in 5 seconds :: obj_id 2024
2020-12-23T22:25:17+00:00 NOTICE product_submit.success :: addStoreProduct :: #2024
2020-12-23T22:27:03+00:00 NOTICE action_scheduler.queue_job :: MailChimp_WooCommerce_Single_Product starts in 5 seconds :: obj_id 2027
2020-12-23T22:27:09+00:00 NOTICE product_submit.success :: addStoreProduct :: #2027
2020-12-23T22:30:02+00:00 NOTICE action_scheduler.queue_job :: MailChimp_WooCommerce_Single_Product starts in 5 seconds :: obj_id 2029
2020-12-23T22:30:08+00:00 NOTICE product_submit.success :: addStoreProduct :: #2029
2020-12-23T22:31:53+00:00 NOTICE action_scheduler.queue_job :: MailChimp_WooCommerce_Single_Product starts in 5 seconds :: obj_id 2031
2020-12-23T22:32:15+00:00 NOTICE product_submit.success :: addStoreProduct :: #2031
2020-12-23T22:34:04+00:00 NOTICE action_scheduler.queue_job :: MailChimp_WooCommerce_Single_Product starts in 5 seconds :: obj_id 2034
2020-12-23T22:34:56+00:00 NOTICE product_submit.success :: addStoreProduct :: #2034
2020-12-23T22:35:06+00:00 NOTICE action_scheduler.queue_job :: MailChimp_WooCommerce_Single_Product starts in 5 seconds :: obj_id 2034
2020-12-23T22:35:38+00:00 NOTICE action_scheduler.queue_job :: MailChimp_WooCommerce_Single_Product starts in 5 seconds :: obj_id 2023
2020-12-23T22:35:59+00:00 NOTICE product_submit.success :: updateStoreProduct :: #2034
2020-12-23T22:35:59+00:00 NOTICE product_submit.success :: addStoreProduct :: #2023
2020-12-23T22:37:46+00:00 NOTICE action_scheduler.queue_job :: MailChimp_WooCommerce_Single_Product starts in 5 seconds :: obj_id 2038
2020-12-23T22:38:02+00:00 NOTICE product_submit.success :: addStoreProduct :: #2038
2020-12-23T22:38:11+00:00 NOTICE action_scheduler.queue_job :: MailChimp_WooCommerce_Single_Product starts in 5 seconds :: obj_id 2038
2020-12-23T22:39:04+00:00 NOTICE product_submit.success :: updateStoreProduct :: #2038
2020-12-23T22:39:17+00:00 NOTICE action_scheduler.queue_job :: MailChimp_WooCommerce_Single_Product starts in 5 seconds :: obj_id 2041
2020-12-23T22:40:05+00:00 NOTICE product_submit.success :: addStoreProduct :: #2041
2020-12-23T22:40:15+00:00 NOTICE action_scheduler.queue_job :: MailChimp_WooCommerce_Single_Product starts in 5 seconds :: obj_id 2042
2020-12-23T22:41:13+00:00 NOTICE product_submit.success :: addStoreProduct :: #2042
2020-12-23T22:41:19+00:00 NOTICE action_scheduler.queue_job :: MailChimp_WooCommerce_Single_Product starts in 5 seconds :: obj_id 2042
2020-12-23T22:42:11+00:00 NOTICE product_submit.success :: updateStoreProduct :: #2042
2020-12-23T22:43:19+00:00 NOTICE action_scheduler.queue_job :: MailChimp_WooCommerce_Single_Product starts in 5 seconds :: obj_id 2047
2020-12-23T22:44:08+00:00 NOTICE product_submit.success :: addStoreProduct :: #2047
2020-12-23T22:44:09+00:00 NOTICE action_scheduler.queue_job :: MailChimp_WooCommerce_Single_Product starts in 5 seconds :: obj_id 2047
2020-12-23T22:44:19+00:00 NOTICE product_submit.success :: updateStoreProduct :: #2047
2020-12-23T22:45:58+00:00 NOTICE action_scheduler.queue_job :: MailChimp_WooCommerce_Single_Product starts in 5 seconds :: obj_id 2050
2020-12-23T22:46:11+00:00 NOTICE product_submit.success :: addStoreProduct :: #2050
2020-12-23T22:47:31+00:00 NOTICE action_scheduler.queue_job :: MailChimp_WooCommerce_Single_Product starts in 5 seconds :: obj_id 2046
2020-12-23T22:48:08+00:00 NOTICE product_submit.success :: addStoreProduct :: #2046
2020-12-23T22:48:20+00:00 NOTICE action_scheduler.queue_job :: MailChimp_WooCommerce_Single_Product starts in 5 seconds :: obj_id 2041
2020-12-23T22:48:31+00:00 NOTICE action_scheduler.queue_job :: MailChimp_WooCommerce_Single_Product starts in 5 seconds :: obj_id 2046
2020-12-23T22:48:32+00:00 NOTICE product_submit.success :: updateStoreProduct :: #2041
2020-12-23T22:48:39+00:00 NOTICE product_submit.success :: updateStoreProduct :: #2046
2020-12-23T22:52:01+00:00 NOTICE action_scheduler.queue_job :: MailChimp_WooCommerce_Single_Product starts in 5 seconds :: obj_id 2053
2020-12-23T22:52:09+00:00 NOTICE product_submit.success :: addStoreProduct :: #2053
2020-12-23T22:55:31+00:00 NOTICE action_scheduler.queue_job :: MailChimp_WooCommerce_Single_Product starts in 5 seconds :: obj_id 2060
2020-12-23T22:56:02+00:00 NOTICE product_submit.success :: addStoreProduct :: #2060
2020-12-23T22:57:54+00:00 NOTICE action_scheduler.queue_job :: MailChimp_WooCommerce_Single_Product starts in 5 seconds :: obj_id 2056
2020-12-23T22:58:15+00:00 NOTICE product_submit.success :: addStoreProduct :: #2056
2020-12-23T23:01:29+00:00 NOTICE action_scheduler.queue_job :: MailChimp_WooCommerce_Single_Product starts in 5 seconds :: obj_id 2065
2020-12-23T23:02:05+00:00 NOTICE action_scheduler.queue_job :: MailChimp_WooCommerce_Single_Product starts in 5 seconds :: obj_id 2068
2020-12-23T23:02:09+00:00 NOTICE product_submit.success :: addStoreProduct :: #2065
2020-12-23T23:02:35+00:00 NOTICE product_submit.success :: addStoreProduct :: #2068
2020-12-23T23:05:02+00:00 NOTICE action_scheduler.queue_job :: MailChimp_WooCommerce_Single_Product starts in 5 seconds :: obj_id 2076
2020-12-23T23:05:08+00:00 NOTICE product_submit.success :: addStoreProduct :: #2076
2020-12-23T23:08:31+00:00 NOTICE action_scheduler.queue_job :: MailChimp_WooCommerce_Single_Product starts in 5 seconds :: obj_id 2080
2020-12-23T23:09:26+00:00 NOTICE product_submit.success :: addStoreProduct :: #2080
2020-12-23T23:10:09+00:00 NOTICE product.delete_fail :: Unable to deleted product 2077
2020-12-23T23:10:54+00:00 NOTICE action_scheduler.queue_job :: MailChimp_WooCommerce_Single_Product starts in 5 seconds :: obj_id 2023
2020-12-23T23:11:08+00:00 NOTICE product_submit.success :: updateStoreProduct :: #2023
2020-12-23T23:11:34+00:00 NOTICE action_scheduler.queue_job :: MailChimp_WooCommerce_Single_Product starts in 5 seconds :: obj_id 2041
2020-12-23T23:12:08+00:00 NOTICE product_submit.success :: updateStoreProduct :: #2041
2020-12-23T23:14:09+00:00 NOTICE action_scheduler.queue_job :: MailChimp_WooCommerce_Single_Product starts in 5 seconds :: obj_id 2083
2020-12-23T23:14:51+00:00 NOTICE product_submit.success :: addStoreProduct :: #2083
2020-12-23T23:24:55+00:00 NOTICE action_scheduler.queue_job :: MailChimp_WooCommerce_Single_Product starts in 5 seconds :: obj_id 2086
2020-12-23T23:25:17+00:00 NOTICE product_submit.success :: addStoreProduct :: #2086
2020-12-23T23:28:44+00:00 NOTICE action_scheduler.queue_job :: MailChimp_WooCommerce_Single_Product starts in 5 seconds :: obj_id 2089
2020-12-23T23:30:11+00:00 NOTICE product_submit.success :: addStoreProduct :: #2089
2020-12-23T23:31:06+00:00 NOTICE action_scheduler.queue_job :: MailChimp_WooCommerce_Single_Product starts in 5 seconds :: obj_id 2089
2020-12-23T23:31:13+00:00 NOTICE product_submit.success :: updateStoreProduct :: #2089
2020-12-23T23:34:02+00:00 NOTICE action_scheduler.queue_job :: MailChimp_WooCommerce_Single_Product starts in 5 seconds :: obj_id 2093
2020-12-23T23:34:10+00:00 NOTICE product_submit.success :: addStoreProduct :: #2093
2020-12-23T23:37:25+00:00 NOTICE action_scheduler.queue_job :: MailChimp_WooCommerce_Single_Product starts in 5 seconds :: obj_id 2096
2020-12-23T23:38:05+00:00 NOTICE product_submit.success :: addStoreProduct :: #2096
2020-12-23T23:40:58+00:00 NOTICE action_scheduler.queue_job :: MailChimp_WooCommerce_Single_Product starts in 5 seconds :: obj_id 2099
2020-12-23T23:41:09+00:00 NOTICE product_submit.success :: addStoreProduct :: #2099
2020-12-23T23:41:48+00:00 NOTICE action_scheduler.queue_job :: MailChimp_WooCommerce_Single_Product starts in 5 seconds :: obj_id 2096
2020-12-23T23:42:11+00:00 NOTICE product_submit.success :: updateStoreProduct :: #2096
2020-12-23T23:42:42+00:00 NOTICE action_scheduler.queue_job :: MailChimp_WooCommerce_Single_Product starts in 5 seconds :: obj_id 2096
2020-12-23T23:43:21+00:00 NOTICE product_submit.success :: updateStoreProduct :: #2096
2020-12-23T23:43:43+00:00 NOTICE action_scheduler.queue_job :: MailChimp_WooCommerce_Single_Product starts in 5 seconds :: obj_id 2093
2020-12-23T23:44:19+00:00 NOTICE product_submit.success :: updateStoreProduct :: #2093
2020-12-23T23:44:35+00:00 NOTICE action_scheduler.queue_job :: MailChimp_WooCommerce_Single_Product starts in 5 seconds :: obj_id 2080
2020-12-23T23:45:13+00:00 NOTICE product_submit.success :: updateStoreProduct :: #2080
2020-12-23T23:45:26+00:00 NOTICE action_scheduler.queue_job :: MailChimp_WooCommerce_Single_Product starts in 5 seconds :: obj_id 2041
2020-12-23T23:45:45+00:00 NOTICE product_submit.success :: updateStoreProduct :: #2041
2020-12-23T23:46:34+00:00 NOTICE action_scheduler.queue_job :: MailChimp_WooCommerce_Single_Product starts in 5 seconds :: obj_id 2023
2020-12-23T23:46:49+00:00 NOTICE product_submit.success :: updateStoreProduct :: #2023
2020-12-23T23:49:18+00:00 NOTICE action_scheduler.queue_job :: MailChimp_WooCommerce_Single_Product starts in 5 seconds :: obj_id 2102
2020-12-23T23:50:34+00:00 NOTICE product_submit.success :: addStoreProduct :: #2102
2020-12-23T23:53:10+00:00 NOTICE action_scheduler.queue_job :: MailChimp_WooCommerce_Single_Product starts in 5 seconds :: obj_id 2105
2020-12-23T23:53:40+00:00 NOTICE product_submit.success :: addStoreProduct :: #2105
2020-12-23T23:56:50+00:00 NOTICE action_scheduler.queue_job :: MailChimp_WooCommerce_Single_Product starts in 5 seconds :: obj_id 2108
2020-12-23T23:57:09+00:00 NOTICE product_submit.success :: addStoreProduct :: #2108
2020-12-23T23:59:58+00:00 NOTICE action_scheduler.queue_job :: MailChimp_WooCommerce_Single_Product starts in 5 seconds :: obj_id 2114
